<?xml version="1.0" encoding="UTF-8"?>
<!-- Generated by org.testng.reporters.JUnitReportReporter -->
<testsuite hostname="DESKTOP-OSC7BHQ" failures="0" tests="1" name="testCases.TC_001Registration" time="7.910" errors="0" timestamp="2025-08-06T10:50:10 IST" skipped="0">
  <testcase classname="testCases.TC_001Registration" name="verify_account_reg" time="7.910"/>
</testsuite> <!-- testCases.TC_001Registration -->
